

Started GET "/" for 127.0.0.1 at 2014-05-27 21:19:52 -0300
Connecting to database specified by database.yml
Processing by MoviesController#index as HTML
Redirected to http://localhost:3000/movies?ratings%5BG%5D=1&ratings%5BPG%5D=1&ratings%5BPG-13%5D=1&ratings%5BR%5D=1&sort_by=release_date
  [1m[36mMovie Load (0.6ms)[0m  [1mSELECT "movies".* FROM "movies" WHERE "movies"."rating" IN ('G', 'PG', 'PG-13', 'R') ORDER BY release_date[0m
Completed 302 Found in 90.9ms (ActiveRecord: 4.5ms)


Started GET "/movies?ratings%5BG%5D=1&ratings%5BPG%5D=1&ratings%5BPG-13%5D=1&ratings%5BR%5D=1&sort_by=release_date" for 127.0.0.1 at 2014-05-27 21:19:53 -0300
Processing by MoviesController#index as HTML
  Parameters: {"ratings"=>{"G"=>"1", "PG"=>"1", "PG-13"=>"1", "R"=>"1"}, "sort_by"=>"release_date"}
  [1m[35mMovie Load (7.6ms)[0m  SELECT "movies".* FROM "movies" WHERE "movies"."rating" IN ('G', 'PG', 'PG-13', 'R') ORDER BY release_date
  Rendered movies/index.html.haml within layouts/application (77.1ms)
Completed 200 OK in 190.8ms (Views: 177.9ms | ActiveRecord: 7.6ms)


Started GET "/assets/application.css?body=1" for 127.0.0.1 at 2014-05-27 21:19:53 -0300
Served asset /application.css - 304 Not Modified (13ms)


Started GET "/assets/application.js?body=1" for 127.0.0.1 at 2014-05-27 21:19:53 -0300
Served asset /application.js - 304 Not Modified (22ms)


Started GET "/assets/jquery_ujs.js?body=1" for 127.0.0.1 at 2014-05-27 21:19:54 -0300
Served asset /jquery_ujs.js - 304 Not Modified (10ms)


Started GET "/assets/jquery.js?body=1" for 127.0.0.1 at 2014-05-27 21:19:54 -0300
Served asset /jquery.js - 304 Not Modified (23ms)
Connecting to database specified by database.yml


Started GET "/" for 127.0.0.1 at 2014-05-27 21:26:26 -0300
Connecting to database specified by database.yml
Processing by MoviesController#index as HTML
Redirected to http://localhost:3000/movies?ratings%5BG%5D=1&ratings%5BPG%5D=1&ratings%5BPG-13%5D=1&ratings%5BR%5D=1&sort_by=release_date
  [1m[36mMovie Load (0.4ms)[0m  [1mSELECT "movies".* FROM "movies" WHERE "movies"."rating" IN ('G', 'PG', 'PG-13', 'R') ORDER BY release_date[0m
Completed 302 Found in 101.6ms (ActiveRecord: 4.1ms)


Started GET "/movies?ratings%5BG%5D=1&ratings%5BPG%5D=1&ratings%5BPG-13%5D=1&ratings%5BR%5D=1&sort_by=release_date" for 127.0.0.1 at 2014-05-27 21:26:27 -0300
Processing by MoviesController#index as HTML
  Parameters: {"ratings"=>{"G"=>"1", "PG"=>"1", "PG-13"=>"1", "R"=>"1"}, "sort_by"=>"release_date"}
  [1m[35mMovie Load (8.1ms)[0m  SELECT "movies".* FROM "movies" WHERE "movies"."rating" IN ('G', 'PG', 'PG-13', 'R') ORDER BY release_date
  Rendered movies/index.html.haml within layouts/application (90.0ms)
Completed 200 OK in 195.7ms (Views: 184.6ms | ActiveRecord: 8.1ms)


Started GET "/assets/application.css?body=1" for 127.0.0.1 at 2014-05-27 21:26:27 -0300
Served asset /application.css - 304 Not Modified (56ms)


Started GET "/assets/jquery_ujs.js?body=1" for 127.0.0.1 at 2014-05-27 21:26:27 -0300
Served asset /jquery_ujs.js - 304 Not Modified (14ms)


Started GET "/assets/jquery.js?body=1" for 127.0.0.1 at 2014-05-27 21:26:27 -0300
Served asset /jquery.js - 304 Not Modified (40ms)


Started GET "/assets/application.js?body=1" for 127.0.0.1 at 2014-05-27 21:26:27 -0300
Served asset /application.js - 304 Not Modified (34ms)
